<?xml version="1.0" encoding="UTF-8"?>
<testsuite xmlns:xsi="http://www.w3.org/2001/XMLSchema-instance" xsi:noNamespaceSchemaLocation="https://maven.apache.org/surefire/maven-surefire-plugin/xsd/surefire-test-report-3.0.xsd" version="3.0" name="com.testco.validation.BulkBuyLimitCategoryValidatorTest" time="0.0" tests="2" errors="0" skipped="0" failures="0">
  <properties>
    <property name="java.specification.version" value="22"/>
    <property name="sun.jnu.encoding" value="UTF-8"/>
    <property name="java.class.path" value="/Users/paritoshmoghe/IdeaProjects/Tesco/target/test-classes:/Users/paritoshmoghe/IdeaProjects/Tesco/target/classes:/Users/paritoshmoghe/.m2/repository/junit/junit/4.13.2/junit-4.13.2.jar:/Users/paritoshmoghe/.m2/repository/org/hamcrest/hamcrest-core/1.3/hamcrest-core-1.3.jar:/Users/paritoshmoghe/.m2/repository/org/springframework/boot/spring-boot-starter-hateoas/3.3.1/spring-boot-starter-hateoas-3.3.1.jar:/Users/paritoshmoghe/.m2/repository/org/springframework/boot/spring-boot-starter-web/3.3.1/spring-boot-starter-web-3.3.1.jar:/Users/paritoshmoghe/.m2/repository/org/springframework/boot/spring-boot-starter/3.3.1/spring-boot-starter-3.3.1.jar:/Users/paritoshmoghe/.m2/repository/org/springframework/boot/spring-boot/3.3.1/spring-boot-3.3.1.jar:/Users/paritoshmoghe/.m2/repository/org/springframework/boot/spring-boot-autoconfigure/3.3.1/spring-boot-autoconfigure-3.3.1.jar:/Users/paritoshmoghe/.m2/repository/org/springframework/boot/spring-boot-starter-logging/3.3.1/spring-boot-starter-logging-3.3.1.jar:/Users/paritoshmoghe/.m2/repository/ch/qos/logback/logback-classic/1.5.6/logback-classic-1.5.6.jar:/Users/paritoshmoghe/.m2/repository/ch/qos/logback/logback-core/1.5.6/logback-core-1.5.6.jar:/Users/paritoshmoghe/.m2/repository/org/apache/logging/log4j/log4j-to-slf4j/2.23.1/log4j-to-slf4j-2.23.1.jar:/Users/paritoshmoghe/.m2/repository/org/apache/logging/log4j/log4j-api/2.23.1/log4j-api-2.23.1.jar:/Users/paritoshmoghe/.m2/repository/org/slf4j/jul-to-slf4j/2.0.13/jul-to-slf4j-2.0.13.jar:/Users/paritoshmoghe/.m2/repository/jakarta/annotation/jakarta.annotation-api/2.1.1/jakarta.annotation-api-2.1.1.jar:/Users/paritoshmoghe/.m2/repository/org/yaml/snakeyaml/2.2/snakeyaml-2.2.jar:/Users/paritoshmoghe/.m2/repository/org/springframework/boot/spring-boot-starter-json/3.3.1/spring-boot-starter-json-3.3.1.jar:/Users/paritoshmoghe/.m2/repository/com/fasterxml/jackson/core/jackson-databind/2.17.1/jackson-databind-2.17.1.jar:/Users/paritoshmoghe/.m2/repository/com/fasterxml/jackson/core/jackson-annotations/2.17.1/jackson-annotations-2.17.1.jar:/Users/paritoshmoghe/.m2/repository/com/fasterxml/jackson/core/jackson-core/2.17.1/jackson-core-2.17.1.jar:/Users/paritoshmoghe/.m2/repository/com/fasterxml/jackson/datatype/jackson-datatype-jdk8/2.17.1/jackson-datatype-jdk8-2.17.1.jar:/Users/paritoshmoghe/.m2/repository/com/fasterxml/jackson/datatype/jackson-datatype-jsr310/2.17.1/jackson-datatype-jsr310-2.17.1.jar:/Users/paritoshmoghe/.m2/repository/com/fasterxml/jackson/module/jackson-module-parameter-names/2.17.1/jackson-module-parameter-names-2.17.1.jar:/Users/paritoshmoghe/.m2/repository/org/springframework/boot/spring-boot-starter-tomcat/3.3.1/spring-boot-starter-tomcat-3.3.1.jar:/Users/paritoshmoghe/.m2/repository/org/apache/tomcat/embed/tomcat-embed-core/10.1.25/tomcat-embed-core-10.1.25.jar:/Users/paritoshmoghe/.m2/repository/org/apache/tomcat/embed/tomcat-embed-el/10.1.25/tomcat-embed-el-10.1.25.jar:/Users/paritoshmoghe/.m2/repository/org/apache/tomcat/embed/tomcat-embed-websocket/10.1.25/tomcat-embed-websocket-10.1.25.jar:/Users/paritoshmoghe/.m2/repository/org/springframework/spring-web/6.1.10/spring-web-6.1.10.jar:/Users/paritoshmoghe/.m2/repository/io/micrometer/micrometer-observation/1.12.7/micrometer-observation-1.12.7.jar:/Users/paritoshmoghe/.m2/repository/io/micrometer/micrometer-commons/1.12.7/micrometer-commons-1.12.7.jar:/Users/paritoshmoghe/.m2/repository/org/springframework/spring-webmvc/6.1.10/spring-webmvc-6.1.10.jar:/Users/paritoshmoghe/.m2/repository/org/springframework/spring-expression/6.1.10/spring-expression-6.1.10.jar:/Users/paritoshmoghe/.m2/repository/org/springframework/hateoas/spring-hateoas/2.3.0/spring-hateoas-2.3.0.jar:/Users/paritoshmoghe/.m2/repository/org/springframework/spring-aop/6.1.7/spring-aop-6.1.7.jar:/Users/paritoshmoghe/.m2/repository/org/springframework/spring-beans/6.1.7/spring-beans-6.1.7.jar:/Users/paritoshmoghe/.m2/repository/org/springframework/spring-context/6.1.7/spring-context-6.1.7.jar:/Users/paritoshmoghe/.m2/repository/org/springframework/spring-core/6.1.7/spring-core-6.1.7.jar:/Users/paritoshmoghe/.m2/repository/org/springframework/spring-jcl/6.1.7/spring-jcl-6.1.7.jar:/Users/paritoshmoghe/.m2/repository/org/springframework/plugin/spring-plugin-core/3.0.0/spring-plugin-core-3.0.0.jar:/Users/paritoshmoghe/.m2/repository/com/jayway/jsonpath/json-path/2.9.0/json-path-2.9.0.jar:/Users/paritoshmoghe/.m2/repository/net/minidev/json-smart/2.5.0/json-smart-2.5.0.jar:/Users/paritoshmoghe/.m2/repository/net/minidev/accessors-smart/2.5.0/accessors-smart-2.5.0.jar:/Users/paritoshmoghe/.m2/repository/org/ow2/asm/asm/9.3/asm-9.3.jar:/Users/paritoshmoghe/.m2/repository/org/slf4j/slf4j-api/2.0.13/slf4j-api-2.0.13.jar:"/>
    <property name="java.vm.vendor" value="Homebrew"/>
    <property name="sun.arch.data.model" value="64"/>
    <property name="java.vendor.url" value="https://github.com/Homebrew/homebrew-core/issues"/>
    <property name="os.name" value="Mac OS X"/>
    <property name="java.vm.specification.version" value="22"/>
    <property name="sun.java.launcher" value="SUN_STANDARD"/>
    <property name="user.country" value="IN"/>
    <property name="sun.boot.library.path" value="/opt/homebrew/Cellar/openjdk/22.0.1/libexec/openjdk.jdk/Contents/Home/lib"/>
    <property name="sun.java.command" value="/Users/paritoshmoghe/IdeaProjects/Tesco/target/surefire/surefirebooter-20240715130818280_3.jar /Users/paritoshmoghe/IdeaProjects/Tesco/target/surefire 2024-07-15T13-08-17_926-jvmRun1 surefire-20240715130818280_1tmp surefire_0-20240715130818280_2tmp"/>
    <property name="http.nonProxyHosts" value="local|*.local|169.254/16|*.169.254/16"/>
    <property name="jdk.debug" value="release"/>
    <property name="surefire.test.class.path" value="/Users/paritoshmoghe/IdeaProjects/Tesco/target/test-classes:/Users/paritoshmoghe/IdeaProjects/Tesco/target/classes:/Users/paritoshmoghe/.m2/repository/junit/junit/4.13.2/junit-4.13.2.jar:/Users/paritoshmoghe/.m2/repository/org/hamcrest/hamcrest-core/1.3/hamcrest-core-1.3.jar:/Users/paritoshmoghe/.m2/repository/org/springframework/boot/spring-boot-starter-hateoas/3.3.1/spring-boot-starter-hateoas-3.3.1.jar:/Users/paritoshmoghe/.m2/repository/org/springframework/boot/spring-boot-starter-web/3.3.1/spring-boot-starter-web-3.3.1.jar:/Users/paritoshmoghe/.m2/repository/org/springframework/boot/spring-boot-starter/3.3.1/spring-boot-starter-3.3.1.jar:/Users/paritoshmoghe/.m2/repository/org/springframework/boot/spring-boot/3.3.1/spring-boot-3.3.1.jar:/Users/paritoshmoghe/.m2/repository/org/springframework/boot/spring-boot-autoconfigure/3.3.1/spring-boot-autoconfigure-3.3.1.jar:/Users/paritoshmoghe/.m2/repository/org/springframework/boot/spring-boot-starter-logging/3.3.1/spring-boot-starter-logging-3.3.1.jar:/Users/paritoshmoghe/.m2/repository/ch/qos/logback/logback-classic/1.5.6/logback-classic-1.5.6.jar:/Users/paritoshmoghe/.m2/repository/ch/qos/logback/logback-core/1.5.6/logback-core-1.5.6.jar:/Users/paritoshmoghe/.m2/repository/org/apache/logging/log4j/log4j-to-slf4j/2.23.1/log4j-to-slf4j-2.23.1.jar:/Users/paritoshmoghe/.m2/repository/org/apache/logging/log4j/log4j-api/2.23.1/log4j-api-2.23.1.jar:/Users/paritoshmoghe/.m2/repository/org/slf4j/jul-to-slf4j/2.0.13/jul-to-slf4j-2.0.13.jar:/Users/paritoshmoghe/.m2/repository/jakarta/annotation/jakarta.annotation-api/2.1.1/jakarta.annotation-api-2.1.1.jar:/Users/paritoshmoghe/.m2/repository/org/yaml/snakeyaml/2.2/snakeyaml-2.2.jar:/Users/paritoshmoghe/.m2/repository/org/springframework/boot/spring-boot-starter-json/3.3.1/spring-boot-starter-json-3.3.1.jar:/Users/paritoshmoghe/.m2/repository/com/fasterxml/jackson/core/jackson-databind/2.17.1/jackson-databind-2.17.1.jar:/Users/paritoshmoghe/.m2/repository/com/fasterxml/jackson/core/jackson-annotations/2.17.1/jackson-annotations-2.17.1.jar:/Users/paritoshmoghe/.m2/repository/com/fasterxml/jackson/core/jackson-core/2.17.1/jackson-core-2.17.1.jar:/Users/paritoshmoghe/.m2/repository/com/fasterxml/jackson/datatype/jackson-datatype-jdk8/2.17.1/jackson-datatype-jdk8-2.17.1.jar:/Users/paritoshmoghe/.m2/repository/com/fasterxml/jackson/datatype/jackson-datatype-jsr310/2.17.1/jackson-datatype-jsr310-2.17.1.jar:/Users/paritoshmoghe/.m2/repository/com/fasterxml/jackson/module/jackson-module-parameter-names/2.17.1/jackson-module-parameter-names-2.17.1.jar:/Users/paritoshmoghe/.m2/repository/org/springframework/boot/spring-boot-starter-tomcat/3.3.1/spring-boot-starter-tomcat-3.3.1.jar:/Users/paritoshmoghe/.m2/repository/org/apache/tomcat/embed/tomcat-embed-core/10.1.25/tomcat-embed-core-10.1.25.jar:/Users/paritoshmoghe/.m2/repository/org/apache/tomcat/embed/tomcat-embed-el/10.1.25/tomcat-embed-el-10.1.25.jar:/Users/paritoshmoghe/.m2/repository/org/apache/tomcat/embed/tomcat-embed-websocket/10.1.25/tomcat-embed-websocket-10.1.25.jar:/Users/paritoshmoghe/.m2/repository/org/springframework/spring-web/6.1.10/spring-web-6.1.10.jar:/Users/paritoshmoghe/.m2/repository/io/micrometer/micrometer-observation/1.12.7/micrometer-observation-1.12.7.jar:/Users/paritoshmoghe/.m2/repository/io/micrometer/micrometer-commons/1.12.7/micrometer-commons-1.12.7.jar:/Users/paritoshmoghe/.m2/repository/org/springframework/spring-webmvc/6.1.10/spring-webmvc-6.1.10.jar:/Users/paritoshmoghe/.m2/repository/org/springframework/spring-expression/6.1.10/spring-expression-6.1.10.jar:/Users/paritoshmoghe/.m2/repository/org/springframework/hateoas/spring-hateoas/2.3.0/spring-hateoas-2.3.0.jar:/Users/paritoshmoghe/.m2/repository/org/springframework/spring-aop/6.1.7/spring-aop-6.1.7.jar:/Users/paritoshmoghe/.m2/repository/org/springframework/spring-beans/6.1.7/spring-beans-6.1.7.jar:/Users/paritoshmoghe/.m2/repository/org/springframework/spring-context/6.1.7/spring-context-6.1.7.jar:/Users/paritoshmoghe/.m2/repository/org/springframework/spring-core/6.1.7/spring-core-6.1.7.jar:/Users/paritoshmoghe/.m2/repository/org/springframework/spring-jcl/6.1.7/spring-jcl-6.1.7.jar:/Users/paritoshmoghe/.m2/repository/org/springframework/plugin/spring-plugin-core/3.0.0/spring-plugin-core-3.0.0.jar:/Users/paritoshmoghe/.m2/repository/com/jayway/jsonpath/json-path/2.9.0/json-path-2.9.0.jar:/Users/paritoshmoghe/.m2/repository/net/minidev/json-smart/2.5.0/json-smart-2.5.0.jar:/Users/paritoshmoghe/.m2/repository/net/minidev/accessors-smart/2.5.0/accessors-smart-2.5.0.jar:/Users/paritoshmoghe/.m2/repository/org/ow2/asm/asm/9.3/asm-9.3.jar:/Users/paritoshmoghe/.m2/repository/org/slf4j/slf4j-api/2.0.13/slf4j-api-2.0.13.jar:"/>
    <property name="sun.cpu.endian" value="little"/>
    <property name="user.home" value="/Users/paritoshmoghe"/>
    <property name="user.language" value="en"/>
    <property name="java.specification.vendor" value="Oracle Corporation"/>
    <property name="java.version.date" value="2024-04-16"/>
    <property name="java.home" value="/opt/homebrew/Cellar/openjdk/22.0.1/libexec/openjdk.jdk/Contents/Home"/>
    <property name="file.separator" value="/"/>
    <property name="basedir" value="/Users/paritoshmoghe/IdeaProjects/Tesco"/>
    <property name="java.vm.compressedOopsMode" value="Zero based"/>
    <property name="line.separator" value="&#10;"/>
    <property name="java.vm.specification.vendor" value="Oracle Corporation"/>
    <property name="java.specification.name" value="Java Platform API Specification"/>
    <property name="apple.awt.application.name" value="ForkedBooter"/>
    <property name="surefire.real.class.path" value="/Users/paritoshmoghe/IdeaProjects/Tesco/target/surefire/surefirebooter-20240715130818280_3.jar"/>
    <property name="sun.management.compiler" value="HotSpot 64-Bit Tiered Compilers"/>
    <property name="ftp.nonProxyHosts" value="local|*.local|169.254/16|*.169.254/16"/>
    <property name="java.runtime.version" value="22.0.1"/>
    <property name="user.name" value="paritoshmoghe"/>
    <property name="stdout.encoding" value="US-ASCII"/>
    <property name="path.separator" value=":"/>
    <property name="os.version" value="13.2"/>
    <property name="java.runtime.name" value="OpenJDK Runtime Environment"/>
    <property name="file.encoding" value="UTF-8"/>
    <property name="java.vm.name" value="OpenJDK 64-Bit Server VM"/>
    <property name="java.vendor.version" value="Homebrew"/>
    <property name="localRepository" value="/Users/paritoshmoghe/.m2/repository"/>
    <property name="java.vendor.url.bug" value="https://github.com/Homebrew/homebrew-core/issues"/>
    <property name="java.io.tmpdir" value="/var/folders/p2/txp2_pcn5b77054j7lrxhn200000gn/T/"/>
    <property name="java.version" value="22.0.1"/>
    <property name="user.dir" value="/Users/paritoshmoghe/IdeaProjects/Tesco"/>
    <property name="os.arch" value="aarch64"/>
    <property name="java.vm.specification.name" value="Java Virtual Machine Specification"/>
    <property name="native.encoding" value="US-ASCII"/>
    <property name="java.library.path" value="/Users/paritoshmoghe/Library/Java/Extensions:/Library/Java/Extensions:/Network/Library/Java/Extensions:/System/Library/Java/Extensions:/usr/lib/java:."/>
    <property name="java.vm.info" value="mixed mode, sharing"/>
    <property name="stderr.encoding" value="US-ASCII"/>
    <property name="java.vendor" value="Homebrew"/>
    <property name="java.vm.version" value="22.0.1"/>
    <property name="sun.io.unicode.encoding" value="UnicodeBig"/>
    <property name="socksNonProxyHosts" value="local|*.local|169.254/16|*.169.254/16"/>
    <property name="java.class.version" value="66.0"/>
  </properties>
  <testcase name="testValidateBulkBuyCategorySuccess" classname="com.testco.validation.BulkBuyLimitCategoryValidatorTest" time="0.0"/>
  <testcase name="testValidateBulkBuyCategoryFail" classname="com.testco.validation.BulkBuyLimitCategoryValidatorTest" time="0.0"/>
</testsuite>